{
  "RSpec": {
    "coverage": {
      "/Users/nicholasdorans/turing/1module/Complete-Me/lib/complete_me.rb": [
        1,
        null,
        1,
        1,
        null,
        1,
        29,
        29,
        29,
        29,
        null,
        null,
        null,
        null,
        null,
        null,
        null,
        1,
        1,
        1,
        null,
        1,
        6,
        6,
        null,
        null,
        1,
        4,
        4,
        4,
        null,
        null,
        1,
        27,
        4,
        4,
        null,
        23,
        23,
        23,
        19,
        19,
        null,
        4,
        null,
        null,
        null,
        null,
        1,
        0,
        0,
        null,
        null,
        1,
        0,
        0,
        0,
        null,
        0,
        0,
        0,
        null,
        null,
        null,
        1,
        null,
        null,
        null,
        1,
        0,
        0,
        null,
        null,
        null,
        null,
        null,
        null,
        null,
        null,
        null,
        1,
        0,
        0,
        0,
        0,
        0,
        0,
        0,
        0,
        0,
        null,
        null,
        null,
        null,
        null
      ]
    },
    "timestamp": 1450300395
  }
}
