{
  "RSpec": {
    "coverage": {
      "/Users/nicholasdorans/turing/1module/Complete-Me/lib/complete_me.rb": [
        null,
        1,
        1,
        null,
        1,
        1517458,
        1517458,
        1517458,
        1517458,
        null,
        null,
        null,
        null,
        null,
        null,
        1,
        1,
        1,
        null,
        1,
        12,
        12,
        null,
        null,
        1,
        471794,
        471794,
        471794,
        null,
        null,
        1,
        4986372,
        471794,
        471794,
        null,
        4514578,
        4514578,
        4514578,
        1517442,
        1517442,
        null,
        2997136,
        null,
        null,
        null,
        null,
        1,
        2,
        2,
        471772,
        null,
        null,
        null,
        1,
        13,
        13,
        13,
        null,
        null,
        1,
        5,
        5,
        5,
        16,
        5,
        null,
        null,
        5,
        null,
        null,
        1,
        64,
        64,
        46,
        null,
        18,
        18,
        4,
        null,
        18,
        null,
        null,
        null,
        1,
        221,
        203,
        52,
        null,
        203,
        null,
        221,
        null,
        null,
        1,
        53,
        53,
        null,
        null,
        null
      ]
    },
    "timestamp": 1450366895
  }
}
